<?xml version="1.0" encoding="UTF-8"?>
<testsuite name="testPosition" tests="2" skipped="0" failures="0" errors="0" timestamp="2018-06-17T01:07:39" hostname="timmypc" time="0.008">
  <properties/>
  <testcase name="test" classname="testPosition" time="0.008"/>
  <testcase name="test2" classname="testPosition" time="0.0"/>
  <system-out><![CDATA[]]></system-out>
  <system-err><![CDATA[]]></system-err>
</testsuite>
